<?xml version="1.0" encoding="UTF-8"?>
<!-- Generated by org.testng.reporters.JUnitXMLReporter -->
<testsuite ignored="0" hostname="DESKTOP-1TNJ7GI" failures="0" tests="8" name="My Test" time="153.137" errors="0" timestamp="2024-04-15T21:31:11 IST">
  <testcase classname="com.TestNGDemos.D06AmazonTest" name="clickOnSell" time="14.748"/>
  <testcase classname="com.TestNGDemos.D06AmazonTest" name="clickOnBestSeller" time="8.997"/>
  <testcase classname="com.TestNGDemos.D06AmazonTest" name="clickOnMobiles" time="9.423"/>
  <testcase classname="com.TestNGDemos.D06AmazonTest" name="clickOnElectronics" time="44.426"/>
  <testcase classname="com.TestNGDemos.D05DataProviderDemo" name="loginToOHRM" time="3.835"/>
  <testcase classname="com.TestNGDemos.D05DataProviderDemo" name="loginToOHRM" time="2.505"/>
  <testcase classname="com.TestNGDemos.D05DataProviderDemo" name="loginToOHRM" time="1.435"/>
  <testcase classname="com.TestNGDemos.D05DataProviderDemo" name="loginToOHRM" time="3.209"/>
</testsuite> <!-- My Test -->
