<?xml version="1.0" encoding="UTF-8"?>
<testng-results ignored="0" total="1" passed="1" failed="0" skipped="0">
  <reporter-output>
  </reporter-output>
  <suite started-at="2024-04-17T22:23:29 IST" name="Default suite" finished-at="2024-04-17T22:23:34 IST" duration-ms="4307">
    <groups>
    </groups>
    <test started-at="2024-04-17T22:23:29 IST" name="Default test" finished-at="2024-04-17T22:23:34 IST" duration-ms="4307">
      <class name="com.TestNGDemos.D10WriteToExcel">
        <test-method is-config="true" signature="beforeTest()[pri:0, instance:com.TestNGDemos.D10WriteToExcel@50b5ac82]" started-at="2024-04-17T22:23:29 IST" name="beforeTest" finished-at="2024-04-17T22:23:32 IST" duration-ms="3075" status="PASS">
          <reporter-output>
          </reporter-output>
        </test-method> <!-- beforeTest -->
        <test-method signature="writeDataToExcel()[pri:0, instance:com.TestNGDemos.D10WriteToExcel@50b5ac82]" started-at="2024-04-17T22:23:33 IST" name="writeDataToExcel" finished-at="2024-04-17T22:23:33 IST" duration-ms="172" status="PASS">
          <reporter-output>
          </reporter-output>
        </test-method> <!-- writeDataToExcel -->
        <test-method is-config="true" signature="afterTest()[pri:0, instance:com.TestNGDemos.D10WriteToExcel@50b5ac82]" started-at="2024-04-17T22:23:33 IST" name="afterTest" finished-at="2024-04-17T22:23:34 IST" duration-ms="933" status="PASS">
          <reporter-output>
          </reporter-output>
        </test-method> <!-- afterTest -->
      </class> <!-- com.TestNGDemos.D10WriteToExcel -->
    </test> <!-- Default test -->
  </suite> <!-- Default suite -->
</testng-results>
