<?xml version="1.0" encoding="UTF-8"?>
<testng-results ignored="0" total="1" passed="1" failed="0" skipped="0">
  <reporter-output>
  </reporter-output>
  <suite started-at="2024-04-15T22:12:06 IST" name="My Sutite" finished-at="2024-04-15T22:12:23 IST" duration-ms="17160">
    <groups>
    </groups>
    <test started-at="2024-04-15T22:12:06 IST" name="My Test" finished-at="2024-04-15T22:12:23 IST" duration-ms="17160">
      <class name="com.TestNGDemos.D07Parameterization">
        <test-method is-config="true" signature="beforeTest()[pri:0, instance:com.TestNGDemos.D07Parameterization@5ace1ed4]" started-at="2024-04-15T22:12:06 IST" name="beforeTest" finished-at="2024-04-15T22:12:19 IST" duration-ms="13186" status="PASS">
          <reporter-output>
          </reporter-output>
        </test-method> <!-- beforeTest -->
        <test-method signature="login(java.lang.String,java.lang.String)[pri:0, instance:com.TestNGDemos.D07Parameterization@5ace1ed4]" started-at="2024-04-15T22:12:19 IST" name="login" finished-at="2024-04-15T22:12:22 IST" duration-ms="2398" status="PASS">
          <params>
            <param index="0">
              <value>
                <![CDATA[student]]>
              </value>
            </param>
            <param index="1">
              <value>
                <![CDATA[Password123]]>
              </value>
            </param>
          </params>
          <reporter-output>
          </reporter-output>
        </test-method> <!-- login -->
        <test-method is-config="true" signature="afterMethod()[pri:0, instance:com.TestNGDemos.D07Parameterization@5ace1ed4]" started-at="2024-04-15T22:12:22 IST" name="afterMethod" finished-at="2024-04-15T22:12:23 IST" duration-ms="917" status="PASS">
          <reporter-output>
          </reporter-output>
        </test-method> <!-- afterMethod -->
        <test-method is-config="true" signature="afterTest()[pri:0, instance:com.TestNGDemos.D07Parameterization@5ace1ed4]" started-at="2024-04-15T22:12:23 IST" name="afterTest" finished-at="2024-04-15T22:12:23 IST" duration-ms="512" status="PASS">
          <reporter-output>
          </reporter-output>
        </test-method> <!-- afterTest -->
      </class> <!-- com.TestNGDemos.D07Parameterization -->
    </test> <!-- My Test -->
  </suite> <!-- My Sutite -->
</testng-results>
