<?xml version="1.0" encoding="UTF-8"?>
<!-- Generated by org.testng.reporters.JUnitXMLReporter -->
<testsuite ignored="0" hostname="DESKTOP-1TNJ7GI" failures="0" tests="6" name="Default test" time="47.235" errors="0" timestamp="2024-04-24T21:36:53 IST">
  <testcase classname="com.TestNGDemos.D12LoginToOHRM_DDF" name="login" time="5.056"/>
  <testcase classname="com.TestNGDemos.D12LoginToOHRM_DDF" name="login" time="1.615"/>
  <testcase classname="com.TestNGDemos.D12LoginToOHRM_DDF" name="login" time="1.545"/>
  <testcase classname="com.TestNGDemos.D12LoginToOHRM_DDF" name="login" time="1.679"/>
  <testcase classname="com.TestNGDemos.D12LoginToOHRM_DDF" name="login" time="2.573"/>
  <testcase classname="com.TestNGDemos.D12LoginToOHRM_DDF" name="login" time="2.178"/>
</testsuite> <!-- Default test -->
