<?xml version="1.0" encoding="UTF-8"?>
<!-- Generated by org.testng.reporters.JUnitXMLReporter -->
<testsuite ignored="0" hostname="DESKTOP-1TNJ7GI" failures="0" tests="6" name="Default test" time="47.205" errors="0" timestamp="2024-04-18T22:00:25 IST">
  <testcase classname="com.TestNGDemos.D12LoginToOHRM_DDF" name="login" time="3.747"/>
  <testcase classname="com.TestNGDemos.D12LoginToOHRM_DDF" name="login" time="2.222"/>
  <testcase classname="com.TestNGDemos.D12LoginToOHRM_DDF" name="login" time="2.26"/>
  <testcase classname="com.TestNGDemos.D12LoginToOHRM_DDF" name="login" time="2.177"/>
  <testcase classname="com.TestNGDemos.D12LoginToOHRM_DDF" name="login" time="3.124"/>
  <testcase classname="com.TestNGDemos.D12LoginToOHRM_DDF" name="login" time="1.613"/>
</testsuite> <!-- Default test -->
